Flutter crash report; please file at https://github.com/flutter/flutter/issues.

## command

flutter --no-color run --machine --device-id=6566fc18 lib\main.dart

## exception

YamlException: Error on line 19, column 5: Duplicate mapping key.
    pluginClass: ToastPluginPugin
    ^^^^^^^^^^^

```
#0      Loader._loadMapping (package:yaml/src/loader.dart:167)
#1      Loader._loadNode (package:yaml/src/loader.dart:86)
#2      Loader._loadMapping (package:yaml/src/loader.dart:165)
#3      Loader._loadNode (package:yaml/src/loader.dart:86)
#4      Loader._loadMapping (package:yaml/src/loader.dart:165)
#5      Loader._loadNode (package:yaml/src/loader.dart:86)
#6      Loader._loadDocument (package:yaml/src/loader.dart:62)
#7      Loader.load (package:yaml/src/loader.dart:54)
#8      loadYamlDocument (package:yaml/yaml.dart:51)
#9      loadYamlNode (package:yaml/yaml.dart:42)
#10     loadYaml (package:yaml/yaml.dart:34)
#11     _pluginFromPubspec (package:flutter_tools/src/plugins.dart:52)
#12     _findPlugins.<anonymous closure> (package:flutter_tools/src/plugins.dart:75)
#13     _HashVMBase&MapMixin&&_LinkedHashMapMixin.forEach (dart:collection-patch/dart:collection/compact_hash.dart:363)
#14     _findPlugins (package:flutter_tools/src/plugins.dart:73)
#15     injectPlugins (package:flutter_tools/src/plugins.dart:238)
#16     FlutterProject.ensureReadyForPlatformSpecificTooling (package:flutter_tools/src/project.dart:62)
#17     FlutterCommand.verifyThenRunCommand (package:flutter_tools/src/runner/flutter_command.dart:321)
<asynchronous suspension>
#18     FlutterCommand.run.<anonymous closure> (package:flutter_tools/src/runner/flutter_command.dart:270)
<asynchronous suspension>
#19     AppContext.run.<anonymous closure> (package:flutter_tools/src/base/context.dart:142)
<asynchronous suspension>
#20     _rootRun (dart:async/zone.dart:1126)
#21     _CustomZone.run (dart:async/zone.dart:1023)
#22     runZoned (dart:async/zone.dart:1501)
#23     AppContext.run (package:flutter_tools/src/base/context.dart:141)
<asynchronous suspension>
#24     FlutterCommand.run (package:flutter_tools/src/runner/flutter_command.dart:261)
#25     CommandRunner.runCommand (package:args/command_runner.dart:194)
<asynchronous suspension>
#26     FlutterCommandRunner.runCommand.<anonymous closure> (package:flutter_tools/src/runner/flutter_command_runner.dart:309)
<asynchronous suspension>
#27     AppContext.run.<anonymous closure> (package:flutter_tools/src/base/context.dart:142)
<asynchronous suspension>
#28     _rootRun (dart:async/zone.dart:1126)
#29     _CustomZone.run (dart:async/zone.dart:1023)
#30     runZoned (dart:async/zone.dart:1501)
#31     AppContext.run (package:flutter_tools/src/base/context.dart:141)
<asynchronous suspension>
#32     FlutterCommandRunner.runCommand (package:flutter_tools/src/runner/flutter_command_runner.dart:265)
<asynchronous suspension>
#33     CommandRunner.run.<anonymous closure> (package:args/command_runner.dart:109)
#34     new Future.sync (dart:async/future.dart:224)
#35     CommandRunner.run (package:args/command_runner.dart:109)
#36     FlutterCommandRunner.run (package:flutter_tools/src/runner/flutter_command_runner.dart:174)
#37     run.<anonymous closure> (package:flutter_tools/runner.dart:54)
<asynchronous suspension>
#38     AppContext.run.<anonymous closure> (package:flutter_tools/src/base/context.dart:142)
<asynchronous suspension>
#39     _rootRun (dart:async/zone.dart:1126)
#40     _CustomZone.run (dart:async/zone.dart:1023)
#41     runZoned (dart:async/zone.dart:1501)
#42     AppContext.run (package:flutter_tools/src/base/context.dart:141)
<asynchronous suspension>
#43     runInContext (package:flutter_tools/src/context_runner.dart:41)
<asynchronous suspension>
#44     run (package:flutter_tools/runner.dart:49)
#45     main (package:flutter_tools/executable.dart:48)
<asynchronous suspension>
#46     main (file:///E:/Flutter/flutter/packages/flutter_tools/bin/flutter_tools.dart:8)
#47     _startIsolate.<anonymous closure> (dart:isolate-patch/dart:isolate/isolate_patch.dart:277)
#48     _RawReceivePortImpl._handleMessage (dart:isolate-patch/dart:isolate/isolate_patch.dart:165)
```

## flutter doctor

```
[✓] Flutter (Channel beta, v0.3.2, on Microsoft Windows [Version 6.1.7601], locale zh-CN)
    • Flutter version 0.3.2 at E:\Flutter\flutter
    • Framework revision 44b7e7d3f4 (5 weeks ago), 2018-04-20 01:02:44 -0700
    • Engine revision 09d05a3891
    • Dart version 2.0.0-dev.48.0.flutter-fe606f890b

[✓] Android toolchain - develop for Android devices (Android SDK 26.0.2)
    • Android SDK at C:\Users\jiajun.wang\AppData\Local\Android\sdk
    • Android NDK location not configured (optional; useful for native profiling support)
    • Platform android-27, build-tools 26.0.2
    • Java binary at: D:\android_studio\android_studio\jre\bin\java
    • Java version OpenJDK Runtime Environment (build 1.8.0_152-release-1024-b02)
    • All Android licenses accepted.

[✓] Android Studio (version 3.1)
    • Android Studio at D:\android_studio\android_studio
    • Flutter plugin version 24.2.1
    • Dart plugin version 173.4700
    • Java version OpenJDK Runtime Environment (build 1.8.0_152-release-1024-b02)

[!] IntelliJ IDEA Community Edition (version 2018.1)
    • IntelliJ at E:\IntelliJ IDEA Community Edition 2018.1.3
    ✗ Flutter plugin not installed; this adds Flutter specific functionality.
    ✗ Dart plugin not installed; this adds Dart specific functionality.
    • For information about installing plugins, see
      https://flutter.io/intellij-setup/#installing-the-plugins

[✓] Connected devices (1 available)
    • vivo X9s • 6566fc18 • android-arm64 • Android 7.1.2 (API 25)

! Doctor found issues in 1 category.
```
