Flutter crash report; please file at https://github.com/flutter/flutter/issues.

## command

flutter --no-color run --machine --device-id=6566fc18 lib\main.dart

## exception

YamlException: Error on line 20, column 1: Duplicate mapping key.
flutter:
^^^^^^^

```
#0      Loader._loadMapping (package:yaml/src/loader.dart:167)
#1      Loader._loadNode (package:yaml/src/loader.dart:86)
#2      Loader._loadDocument (package:yaml/src/loader.dart:62)
#3      Loader.load (package:yaml/src/loader.dart:54)
#4      loadYamlDocument (package:yaml/yaml.dart:51)
#5      loadYamlNode (package:yaml/yaml.dart:42)
#6      loadYaml (package:yaml/yaml.dart:34)
#7      _pluginFromPubspec (package:flutter_tools/src/plugins.dart:52)
#8      _findPlugins.<anonymous closure> (package:flutter_tools/src/plugins.dart:75)
#9      _HashVMBase&MapMixin&&_LinkedHashMapMixin.forEach (dart:collection-patch/dart:collection/compact_hash.dart:363)
#10     _findPlugins (package:flutter_tools/src/plugins.dart:73)
#11     injectPlugins (package:flutter_tools/src/plugins.dart:238)
#12     FlutterProject.ensureReadyForPlatformSpecificTooling (package:flutter_tools/src/project.dart:62)
#13     FlutterCommand.verifyThenRunCommand (package:flutter_tools/src/runner/flutter_command.dart:321)
<asynchronous suspension>
#14     FlutterCommand.run.<anonymous closure> (package:flutter_tools/src/runner/flutter_command.dart:270)
<asynchronous suspension>
#15     AppContext.run.<anonymous closure> (package:flutter_tools/src/base/context.dart:142)
<asynchronous suspension>
#16     _rootRun (dart:async/zone.dart:1126)
#17     _CustomZone.run (dart:async/zone.dart:1023)
#18     runZoned (dart:async/zone.dart:1501)
#19     AppContext.run (package:flutter_tools/src/base/context.dart:141)
<asynchronous suspension>
#20     FlutterCommand.run (package:flutter_tools/src/runner/flutter_command.dart:261)
#21     CommandRunner.runCommand (package:args/command_runner.dart:194)
<asynchronous suspension>
#22     FlutterCommandRunner.runCommand.<anonymous closure> (package:flutter_tools/src/runner/flutter_command_runner.dart:309)
<asynchronous suspension>
#23     AppContext.run.<anonymous closure> (package:flutter_tools/src/base/context.dart:142)
<asynchronous suspension>
#24     _rootRun (dart:async/zone.dart:1126)
#25     _CustomZone.run (dart:async/zone.dart:1023)
#26     runZoned (dart:async/zone.dart:1501)
#27     AppContext.run (package:flutter_tools/src/base/context.dart:141)
<asynchronous suspension>
#28     FlutterCommandRunner.runCommand (package:flutter_tools/src/runner/flutter_command_runner.dart:265)
<asynchronous suspension>
#29     CommandRunner.run.<anonymous closure> (package:args/command_runner.dart:109)
#30     new Future.sync (dart:async/future.dart:224)
#31     CommandRunner.run (package:args/command_runner.dart:109)
#32     FlutterCommandRunner.run (package:flutter_tools/src/runner/flutter_command_runner.dart:174)
#33     run.<anonymous closure> (package:flutter_tools/runner.dart:54)
<asynchronous suspension>
#34     AppContext.run.<anonymous closure> (package:flutter_tools/src/base/context.dart:142)
<asynchronous suspension>
#35     _rootRun (dart:async/zone.dart:1126)
#36     _CustomZone.run (dart:async/zone.dart:1023)
#37     runZoned (dart:async/zone.dart:1501)
#38     AppContext.run (package:flutter_tools/src/base/context.dart:141)
<asynchronous suspension>
#39     runInContext (package:flutter_tools/src/context_runner.dart:41)
<asynchronous suspension>
#40     run (package:flutter_tools/runner.dart:49)
#41     main (package:flutter_tools/executable.dart:48)
<asynchronous suspension>
#42     main (file:///E:/Flutter/flutter/packages/flutter_tools/bin/flutter_tools.dart:8)
#43     _startIsolate.<anonymous closure> (dart:isolate-patch/dart:isolate/isolate_patch.dart:277)
#44     _RawReceivePortImpl._handleMessage (dart:isolate-patch/dart:isolate/isolate_patch.dart:165)
```

## flutter doctor

```
[✓] Flutter (Channel beta, v0.3.2, on Microsoft Windows [Version 6.1.7601], locale zh-CN)
    • Flutter version 0.3.2 at E:\Flutter\flutter
    • Framework revision 44b7e7d3f4 (5 weeks ago), 2018-04-20 01:02:44 -0700
    • Engine revision 09d05a3891
    • Dart version 2.0.0-dev.48.0.flutter-fe606f890b

[✓] Android toolchain - develop for Android devices (Android SDK 26.0.2)
    • Android SDK at C:\Users\jiajun.wang\AppData\Local\Android\sdk
    • Android NDK location not configured (optional; useful for native profiling support)
    • Platform android-27, build-tools 26.0.2
    • Java binary at: D:\android_studio\android_studio\jre\bin\java
    • Java version OpenJDK Runtime Environment (build 1.8.0_152-release-1024-b02)
    • All Android licenses accepted.

[✓] Android Studio (version 3.1)
    • Android Studio at D:\android_studio\android_studio
    • Flutter plugin version 24.2.1
    • Dart plugin version 173.4700
    • Java version OpenJDK Runtime Environment (build 1.8.0_152-release-1024-b02)

[!] IntelliJ IDEA Community Edition (version 2018.1)
    • IntelliJ at E:\IntelliJ IDEA Community Edition 2018.1.3
    ✗ Flutter plugin not installed; this adds Flutter specific functionality.
    ✗ Dart plugin not installed; this adds Dart specific functionality.
    • For information about installing plugins, see
      https://flutter.io/intellij-setup/#installing-the-plugins

[✓] Connected devices (1 available)
    • vivo X9s • 6566fc18 • android-arm64 • Android 7.1.2 (API 25)

! Doctor found issues in 1 category.
```
