Flutter crash report; please file at https://github.com/flutter/flutter/issues.

## command

flutter --no-color run --machine --device-id=6566fc18 lib\main.dart

## exception

YamlException: Error on line 20, column 3: Duplicate mapping key.
  plugin:
  ^^^^^^

```
#0      Loader._loadMapping (package:yaml/src/loader.dart:167)
#1      Loader._loadNode (package:yaml/src/loader.dart:86)
#2      Loader._loadMapping (package:yaml/src/loader.dart:165)
#3      Loader._loadNode (package:yaml/src/loader.dart:86)
#4      Loader._loadDocument (package:yaml/src/loader.dart:62)
#5      Loader.load (package:yaml/src/loader.dart:54)
#6      loadYamlDocument (package:yaml/yaml.dart:51)
#7      loadYamlNode (package:yaml/yaml.dart:42)
#8      loadYaml (package:yaml/yaml.dart:34)
#9      _pluginFromPubspec (package:flutter_tools/src/plugins.dart:52)
#10     _findPlugins.<anonymous closure> (package:flutter_tools/src/plugins.dart:75)
#11     _HashVMBase&MapMixin&&_LinkedHashMapMixin.forEach (dart:collection-patch/dart:collection/compact_hash.dart:363)
#12     _findPlugins (package:flutter_tools/src/plugins.dart:73)
#13     injectPlugins (package:flutter_tools/src/plugins.dart:238)
#14     FlutterProject.ensureReadyForPlatformSpecificTooling (package:flutter_tools/src/project.dart:62)
#15     FlutterCommand.verifyThenRunCommand (package:flutter_tools/src/runner/flutter_command.dart:321)
<asynchronous suspension>
#16     FlutterCommand.run.<anonymous closure> (package:flutter_tools/src/runner/flutter_command.dart:270)
<asynchronous suspension>
#17     AppContext.run.<anonymous closure> (package:flutter_tools/src/base/context.dart:142)
<asynchronous suspension>
#18     _rootRun (dart:async/zone.dart:1126)
#19     _CustomZone.run (dart:async/zone.dart:1023)
#20     runZoned (dart:async/zone.dart:1501)
#21     AppContext.run (package:flutter_tools/src/base/context.dart:141)
<asynchronous suspension>
#22     FlutterCommand.run (package:flutter_tools/src/runner/flutter_command.dart:261)
#23     CommandRunner.runCommand (package:args/command_runner.dart:194)
<asynchronous suspension>
#24     FlutterCommandRunner.runCommand.<anonymous closure> (package:flutter_tools/src/runner/flutter_command_runner.dart:309)
<asynchronous suspension>
#25     AppContext.run.<anonymous closure> (package:flutter_tools/src/base/context.dart:142)
<asynchronous suspension>
#26     _rootRun (dart:async/zone.dart:1126)
#27     _CustomZone.run (dart:async/zone.dart:1023)
#28     runZoned (dart:async/zone.dart:1501)
#29     AppContext.run (package:flutter_tools/src/base/context.dart:141)
<asynchronous suspension>
#30     FlutterCommandRunner.runCommand (package:flutter_tools/src/runner/flutter_command_runner.dart:265)
<asynchronous suspension>
#31     CommandRunner.run.<anonymous closure> (package:args/command_runner.dart:109)
#32     new Future.sync (dart:async/future.dart:224)
#33     CommandRunner.run (package:args/command_runner.dart:109)
#34     FlutterCommandRunner.run (package:flutter_tools/src/runner/flutter_command_runner.dart:174)
#35     run.<anonymous closure> (package:flutter_tools/runner.dart:54)
<asynchronous suspension>
#36     AppContext.run.<anonymous closure> (package:flutter_tools/src/base/context.dart:142)
<asynchronous suspension>
#37     _rootRun (dart:async/zone.dart:1126)
#38     _CustomZone.run (dart:async/zone.dart:1023)
#39     runZoned (dart:async/zone.dart:1501)
#40     AppContext.run (package:flutter_tools/src/base/context.dart:141)
<asynchronous suspension>
#41     runInContext (package:flutter_tools/src/context_runner.dart:41)
<asynchronous suspension>
#42     run (package:flutter_tools/runner.dart:49)
#43     main (package:flutter_tools/executable.dart:48)
<asynchronous suspension>
#44     main (file:///E:/Flutter/flutter/packages/flutter_tools/bin/flutter_tools.dart:8)
#45     _startIsolate.<anonymous closure> (dart:isolate-patch/dart:isolate/isolate_patch.dart:277)
#46     _RawReceivePortImpl._handleMessage (dart:isolate-patch/dart:isolate/isolate_patch.dart:165)
```

## flutter doctor

```
[✓] Flutter (Channel beta, v0.3.2, on Microsoft Windows [Version 6.1.7601], locale zh-CN)
    • Flutter version 0.3.2 at E:\Flutter\flutter
    • Framework revision 44b7e7d3f4 (5 weeks ago), 2018-04-20 01:02:44 -0700
    • Engine revision 09d05a3891
    • Dart version 2.0.0-dev.48.0.flutter-fe606f890b

[✓] Android toolchain - develop for Android devices (Android SDK 26.0.2)
    • Android SDK at C:\Users\jiajun.wang\AppData\Local\Android\sdk
    • Android NDK location not configured (optional; useful for native profiling support)
    • Platform android-27, build-tools 26.0.2
    • Java binary at: D:\android_studio\android_studio\jre\bin\java
    • Java version OpenJDK Runtime Environment (build 1.8.0_152-release-1024-b02)
    • All Android licenses accepted.

[✓] Android Studio (version 3.1)
    • Android Studio at D:\android_studio\android_studio
    • Flutter plugin version 24.2.1
    • Dart plugin version 173.4700
    • Java version OpenJDK Runtime Environment (build 1.8.0_152-release-1024-b02)

[!] IntelliJ IDEA Community Edition (version 2018.1)
    • IntelliJ at E:\IntelliJ IDEA Community Edition 2018.1.3
    ✗ Flutter plugin not installed; this adds Flutter specific functionality.
    ✗ Dart plugin not installed; this adds Dart specific functionality.
    • For information about installing plugins, see
      https://flutter.io/intellij-setup/#installing-the-plugins

[✓] Connected devices (1 available)
    • vivo X9s • 6566fc18 • android-arm64 • Android 7.1.2 (API 25)

! Doctor found issues in 1 category.
```
